0 info it worked if it ends with ok
1 verbose cli [ '/usr/local/bin/node',
1 verbose cli   '/usr/local/bin/npm',
1 verbose cli   'install',
1 verbose cli   'ntwitter',
1 verbose cli   '--save' ]
2 info using npm@3.3.12
3 info using node@v5.5.0
4 silly loadCurrentTree Starting
5 silly install loadCurrentTree
6 silly install readLocalPackageData
7 silly fetchPackageMetaData ntwitter
8 silly fetchNamedPackageData ntwitter
9 silly mapToRegistry name ntwitter
10 silly mapToRegistry using default registry
11 silly mapToRegistry registry https://registry.npmjs.org/
12 silly mapToRegistry uri https://registry.npmjs.org/ntwitter
13 verbose request uri https://registry.npmjs.org/ntwitter
14 verbose request no auth needed
15 info attempt registry request try #1 at 9:02:23 PM
16 verbose request id 52c82cf75d33ced1
17 verbose etag "72A9ER4UPG1GIR4N0YBC32Z4J"
18 http request GET https://registry.npmjs.org/ntwitter
19 http 304 https://registry.npmjs.org/ntwitter
20 verbose headers { date: 'Thu, 17 Mar 2016 01:02:24 GMT',
20 verbose headers   via: '1.1 varnish',
20 verbose headers   'cache-control': 'max-age=300',
20 verbose headers   etag: '"72A9ER4UPG1GIR4N0YBC32Z4J"',
20 verbose headers   age: '0',
20 verbose headers   connection: 'keep-alive',
20 verbose headers   'x-served-by': 'cache-iad2123-IAD',
20 verbose headers   'x-cache': 'MISS',
20 verbose headers   'x-cache-hits': '0',
20 verbose headers   'x-timer': 'S1458176544.220332,VS0,VE190',
20 verbose headers   vary: 'Accept' }
21 silly get cb [ 304,
21 silly get   { date: 'Thu, 17 Mar 2016 01:02:24 GMT',
21 silly get     via: '1.1 varnish',
21 silly get     'cache-control': 'max-age=300',
21 silly get     etag: '"72A9ER4UPG1GIR4N0YBC32Z4J"',
21 silly get     age: '0',
21 silly get     connection: 'keep-alive',
21 silly get     'x-served-by': 'cache-iad2123-IAD',
21 silly get     'x-cache': 'MISS',
21 silly get     'x-cache-hits': '0',
21 silly get     'x-timer': 'S1458176544.220332,VS0,VE190',
21 silly get     vary: 'Accept' } ]
22 verbose etag https://registry.npmjs.org/ntwitter from cache
23 verbose get saving ntwitter to /Users/DavidCable/.npm/registry.npmjs.org/ntwitter/.cache.json
24 silly install normalizeTree
25 silly loadCurrentTree Finishing
26 silly loadIdealTree Starting
27 silly install loadIdealTree
28 silly cloneCurrentTree Starting
29 silly install cloneCurrentTreeToIdealTree
30 silly cloneCurrentTree Finishing
31 silly loadShrinkwrap Starting
32 silly install loadShrinkwrap
33 silly loadShrinkwrap Finishing
34 silly loadAllDepsIntoIdealTree Starting
35 silly install loadAllDepsIntoIdealTree
36 silly resolveWithNewModule ntwitter@0.5.0 checking installable status
37 silly cache add args [ 'ntwitter', null ]
38 verbose cache add spec ntwitter
39 silly cache add parsed spec Result {
39 silly cache add   raw: 'ntwitter',
39 silly cache add   scope: null,
39 silly cache add   name: 'ntwitter',
39 silly cache add   rawSpec: '',
39 silly cache add   spec: '*',
39 silly cache add   type: 'range' }
40 silly addNamed ntwitter@*
41 verbose addNamed "*" is a valid semver range for ntwitter
42 silly addNameRange { name: 'ntwitter', range: '*', hasData: false }
43 silly mapToRegistry name ntwitter
44 silly mapToRegistry using default registry
45 silly mapToRegistry registry https://registry.npmjs.org/
46 silly mapToRegistry uri https://registry.npmjs.org/ntwitter
47 verbose addNameRange registry:https://registry.npmjs.org/ntwitter not in flight; fetching
48 verbose get https://registry.npmjs.org/ntwitter not expired, no request
49 silly addNameRange number 2 { name: 'ntwitter', range: '*', hasData: true }
50 silly addNameRange versions [ 'ntwitter',
50 silly addNameRange   [ '0.2.0',
50 silly addNameRange     '0.2.1',
50 silly addNameRange     '0.2.2',
50 silly addNameRange     '0.2.2-1',
50 silly addNameRange     '0.2.3',
50 silly addNameRange     '0.2.4',
50 silly addNameRange     '0.2.4-1',
50 silly addNameRange     '0.2.5',
50 silly addNameRange     '0.2.6',
50 silly addNameRange     '0.2.6-1',
50 silly addNameRange     '0.2.7',
50 silly addNameRange     '0.2.7-1',
50 silly addNameRange     '0.2.7-2',
50 silly addNameRange     '0.2.8',
50 silly addNameRange     '0.2.9',
50 silly addNameRange     '0.2.9-2',
50 silly addNameRange     '0.2.10',
50 silly addNameRange     '0.3.0',
50 silly addNameRange     '0.3.1',
50 silly addNameRange     '0.4.0',
50 silly addNameRange     '0.4.1',
50 silly addNameRange     '0.5.0' ] ]
51 silly addNamed ntwitter@0.5.0
52 verbose addNamed "0.5.0" is a plain semver version for ntwitter
53 warn deprecated ntwitter@0.5.0: Unmaintained
54 silly cache afterAdd ntwitter@0.5.0
55 verbose afterAdd /Users/DavidCable/.npm/ntwitter/0.5.0/package/package.json not in flight; writing
56 verbose afterAdd /Users/DavidCable/.npm/ntwitter/0.5.0/package/package.json written
57 silly fetchNamedPackageData keygrip
58 silly mapToRegistry name keygrip
59 silly mapToRegistry using default registry
60 silly mapToRegistry registry https://registry.npmjs.org/
61 silly mapToRegistry uri https://registry.npmjs.org/keygrip
62 verbose request uri https://registry.npmjs.org/keygrip
63 verbose request no auth needed
64 info attempt registry request try #1 at 9:02:24 PM
65 verbose etag "AW71NHNBWYXSWJ2OB3U8EXNU5"
66 http request GET https://registry.npmjs.org/keygrip
67 http 304 https://registry.npmjs.org/keygrip
68 verbose headers { date: 'Thu, 17 Mar 2016 01:02:24 GMT',
68 verbose headers   via: '1.1 varnish',
68 verbose headers   'cache-control': 'max-age=300',
68 verbose headers   etag: '"AW71NHNBWYXSWJ2OB3U8EXNU5"',
68 verbose headers   age: '245',
68 verbose headers   connection: 'keep-alive',
68 verbose headers   'x-served-by': 'cache-iad2137-IAD',
68 verbose headers   'x-cache': 'HIT',
68 verbose headers   'x-cache-hits': '1',
68 verbose headers   'x-timer': 'S1458176544.790890,VS0,VE0',
68 verbose headers   vary: 'Accept' }
69 silly get cb [ 304,
69 silly get   { date: 'Thu, 17 Mar 2016 01:02:24 GMT',
69 silly get     via: '1.1 varnish',
69 silly get     'cache-control': 'max-age=300',
69 silly get     etag: '"AW71NHNBWYXSWJ2OB3U8EXNU5"',
69 silly get     age: '245',
69 silly get     connection: 'keep-alive',
69 silly get     'x-served-by': 'cache-iad2137-IAD',
69 silly get     'x-cache': 'HIT',
69 silly get     'x-cache-hits': '1',
69 silly get     'x-timer': 'S1458176544.790890,VS0,VE0',
69 silly get     vary: 'Accept' } ]
70 verbose etag https://registry.npmjs.org/keygrip from cache
71 verbose get saving keygrip to /Users/DavidCable/.npm/registry.npmjs.org/keygrip/.cache.json
72 silly resolveWithNewModule keygrip@0.2.4 checking installable status
73 silly cache add args [ 'keygrip@0.2.x', null ]
74 verbose cache add spec keygrip@0.2.x
75 silly cache add parsed spec Result {
75 silly cache add   raw: 'keygrip@0.2.x',
75 silly cache add   scope: null,
75 silly cache add   name: 'keygrip',
75 silly cache add   rawSpec: '0.2.x',
75 silly cache add   spec: '>=0.2.0 <0.3.0',
75 silly cache add   type: 'range' }
76 silly addNamed keygrip@>=0.2.0 <0.3.0
77 verbose addNamed ">=0.2.0 <0.3.0" is a valid semver range for keygrip
78 silly addNameRange { name: 'keygrip', range: '>=0.2.0 <0.3.0', hasData: false }
79 silly mapToRegistry name keygrip
80 silly mapToRegistry using default registry
81 silly mapToRegistry registry https://registry.npmjs.org/
82 silly mapToRegistry uri https://registry.npmjs.org/keygrip
83 verbose addNameRange registry:https://registry.npmjs.org/keygrip not in flight; fetching
84 verbose get https://registry.npmjs.org/keygrip not expired, no request
85 silly addNameRange number 2 { name: 'keygrip', range: '>=0.2.0 <0.3.0', hasData: true }
86 silly addNameRange versions [ 'keygrip',
86 silly addNameRange   [ '0.1.0',
86 silly addNameRange     '0.1.1',
86 silly addNameRange     '0.1.2',
86 silly addNameRange     '0.1.3',
86 silly addNameRange     '0.1.6',
86 silly addNameRange     '0.1.7',
86 silly addNameRange     '0.2.0',
86 silly addNameRange     '0.2.1',
86 silly addNameRange     '0.2.2',
86 silly addNameRange     '0.2.3',
86 silly addNameRange     '0.2.4',
86 silly addNameRange     '1.0.0',
86 silly addNameRange     '1.0.1' ] ]
87 silly addNamed keygrip@0.2.4
88 verbose addNamed "0.2.4" is a plain semver version for keygrip
89 silly cache afterAdd keygrip@0.2.4
90 verbose afterAdd /Users/DavidCable/.npm/keygrip/0.2.4/package/package.json not in flight; writing
91 verbose afterAdd /Users/DavidCable/.npm/keygrip/0.2.4/package/package.json written
92 silly loadAllDepsIntoIdealTree Finishing
93 silly idealTree:prePrune Twitter
93 silly idealTree:prePrune +-- accepts@1.2.13
93 silly idealTree:prePrune +-- ansi-regex@2.0.0
93 silly idealTree:prePrune +-- ansi-styles@2.2.0
93 silly idealTree:prePrune +-- array-flatten@1.1.1
93 silly idealTree:prePrune +-- asn1@0.2.3
93 silly idealTree:prePrune +-- assert-plus@0.2.0
93 silly idealTree:prePrune +-- async@1.5.2
93 silly idealTree:prePrune +-- aws-sign2@0.6.0
93 silly idealTree:prePrune +-- aws4@1.3.2
93 silly idealTree:prePrune +-- bl@1.0.3
93 silly idealTree:prePrune +-- boom@2.10.1
93 silly idealTree:prePrune +-- caseless@0.11.0
93 silly idealTree:prePrune +-- chalk@1.1.1
93 silly idealTree:prePrune +-- color-convert@1.0.0
93 silly idealTree:prePrune +-- combined-stream@1.0.5
93 silly idealTree:prePrune +-- commander@2.9.0
93 silly idealTree:prePrune +-- content-disposition@0.5.1
93 silly idealTree:prePrune +-- content-type@1.0.1
93 silly idealTree:prePrune +-- cookie-signature@1.0.6
93 silly idealTree:prePrune +-- cookie@0.1.5
93 silly idealTree:prePrune +-- cookies@0.1.6
93 silly idealTree:prePrune +-- core-util-is@1.0.2
93 silly idealTree:prePrune +-- cryptiles@2.0.5
93 silly idealTree:prePrune +-- dashdash@1.13.0
93 silly idealTree:prePrune | `-- assert-plus@1.0.0
93 silly idealTree:prePrune +-- debug@2.2.0
93 silly idealTree:prePrune +-- deep-extend@0.3.3
93 silly idealTree:prePrune +-- delayed-stream@1.0.0
93 silly idealTree:prePrune +-- depd@1.1.0
93 silly idealTree:prePrune +-- destroy@1.0.4
93 silly idealTree:prePrune +-- ecc-jsbn@0.1.1
93 silly idealTree:prePrune +-- ee-first@1.1.1
93 silly idealTree:prePrune +-- escape-html@1.0.3
93 silly idealTree:prePrune +-- escape-string-regexp@1.0.5
93 silly idealTree:prePrune +-- etag@1.7.0
93 silly idealTree:prePrune +-- express@4.13.4
93 silly idealTree:prePrune | `-- qs@4.0.0
93 silly idealTree:prePrune +-- extend@3.0.0
93 silly idealTree:prePrune +-- extsprintf@1.0.2
93 silly idealTree:prePrune +-- finalhandler@0.4.1
93 silly idealTree:prePrune +-- forever-agent@0.6.1
93 silly idealTree:prePrune +-- form-data@1.0.0-rc4
93 silly idealTree:prePrune +-- forwarded@0.1.0
93 silly idealTree:prePrune +-- fresh@0.3.0
93 silly idealTree:prePrune +-- generate-function@2.0.0
93 silly idealTree:prePrune +-- generate-object-property@1.2.0
93 silly idealTree:prePrune +-- graceful-readlink@1.0.1
93 silly idealTree:prePrune +-- har-validator@2.0.6
93 silly idealTree:prePrune +-- has-ansi@2.0.0
93 silly idealTree:prePrune +-- hawk@3.1.3
93 silly idealTree:prePrune +-- hoek@2.16.3
93 silly idealTree:prePrune +-- http-errors@1.3.1
93 silly idealTree:prePrune +-- http-signature@1.1.1
93 silly idealTree:prePrune +-- inherits@2.0.1
93 silly idealTree:prePrune +-- ipaddr.js@1.0.5
93 silly idealTree:prePrune +-- is-my-json-valid@2.13.1
93 silly idealTree:prePrune +-- is-property@1.0.2
93 silly idealTree:prePrune +-- is-typedarray@1.0.0
93 silly idealTree:prePrune +-- isarray@1.0.0
93 silly idealTree:prePrune +-- isstream@0.1.2
93 silly idealTree:prePrune +-- jodid25519@1.0.2
93 silly idealTree:prePrune +-- jsbn@0.1.0
93 silly idealTree:prePrune +-- json-schema@0.2.2
93 silly idealTree:prePrune +-- json-stringify-safe@5.0.1
93 silly idealTree:prePrune +-- jsonpointer@2.0.0
93 silly idealTree:prePrune +-- jsprim@1.2.2
93 silly idealTree:prePrune +-- keygrip@0.2.4
93 silly idealTree:prePrune +-- lru-cache@4.0.0
93 silly idealTree:prePrune +-- media-typer@0.3.0
93 silly idealTree:prePrune +-- merge-descriptors@1.0.1
93 silly idealTree:prePrune +-- methods@1.1.2
93 silly idealTree:prePrune +-- mime-db@1.22.0
93 silly idealTree:prePrune +-- mime-types@2.1.10
93 silly idealTree:prePrune +-- mime@1.3.4
93 silly idealTree:prePrune +-- ms@0.7.1
93 silly idealTree:prePrune +-- negotiator@0.5.3
93 silly idealTree:prePrune +-- node-uuid@1.4.7
93 silly idealTree:prePrune +-- ntwitter@0.5.0
93 silly idealTree:prePrune +-- oauth-sign@0.8.1
93 silly idealTree:prePrune +-- oauth@0.9.14
93 silly idealTree:prePrune +-- on-finished@2.3.0
93 silly idealTree:prePrune +-- parseurl@1.3.1
93 silly idealTree:prePrune +-- path-to-regexp@0.1.7
93 silly idealTree:prePrune +-- pinkie-promise@2.0.0
93 silly idealTree:prePrune +-- pinkie@2.0.4
93 silly idealTree:prePrune +-- process-nextick-args@1.0.6
93 silly idealTree:prePrune +-- proxy-addr@1.0.10
93 silly idealTree:prePrune +-- pseudomap@1.0.2
93 silly idealTree:prePrune +-- qs@6.0.2
93 silly idealTree:prePrune +-- range-parser@1.0.3
93 silly idealTree:prePrune +-- readable-stream@2.0.6
93 silly idealTree:prePrune +-- request@2.69.0
93 silly idealTree:prePrune +-- send@0.13.1
93 silly idealTree:prePrune +-- serve-static@1.10.2
93 silly idealTree:prePrune +-- sntp@1.0.9
93 silly idealTree:prePrune +-- sshpk@1.7.4
93 silly idealTree:prePrune +-- statuses@1.2.1
93 silly idealTree:prePrune +-- string_decoder@0.10.31
93 silly idealTree:prePrune +-- stringstream@0.0.5
93 silly idealTree:prePrune +-- strip-ansi@3.0.1
93 silly idealTree:prePrune +-- supports-color@2.0.0
93 silly idealTree:prePrune +-- tough-cookie@2.2.2
93 silly idealTree:prePrune +-- tunnel-agent@0.4.2
93 silly idealTree:prePrune +-- tweetnacl@0.14.1
93 silly idealTree:prePrune +-- twitter@1.2.5
93 silly idealTree:prePrune +-- type-is@1.6.12
93 silly idealTree:prePrune +-- unpipe@1.0.0
93 silly idealTree:prePrune +-- util-deprecate@1.0.2
93 silly idealTree:prePrune +-- utils-merge@1.0.0
93 silly idealTree:prePrune +-- vary@1.0.1
93 silly idealTree:prePrune +-- verror@1.3.6
93 silly idealTree:prePrune +-- xtend@4.0.1
93 silly idealTree:prePrune `-- yallist@2.0.0
94 silly loadIdealTree Finishing
95 silly currentTree Twitter
95 silly currentTree +-- accepts@1.2.13
95 silly currentTree +-- ansi-regex@2.0.0
95 silly currentTree +-- ansi-styles@2.2.0
95 silly currentTree +-- array-flatten@1.1.1
95 silly currentTree +-- asn1@0.2.3
95 silly currentTree +-- assert-plus@0.2.0
95 silly currentTree +-- async@1.5.2
95 silly currentTree +-- aws-sign2@0.6.0
95 silly currentTree +-- aws4@1.3.2
95 silly currentTree +-- bl@1.0.3
95 silly currentTree +-- boom@2.10.1
95 silly currentTree +-- caseless@0.11.0
95 silly currentTree +-- chalk@1.1.1
95 silly currentTree +-- color-convert@1.0.0
95 silly currentTree +-- combined-stream@1.0.5
95 silly currentTree +-- commander@2.9.0
95 silly currentTree +-- content-disposition@0.5.1
95 silly currentTree +-- content-type@1.0.1
95 silly currentTree +-- cookie-signature@1.0.6
95 silly currentTree +-- cookie@0.1.5
95 silly currentTree +-- cookies@0.1.6
95 silly currentTree +-- core-util-is@1.0.2
95 silly currentTree +-- cryptiles@2.0.5
95 silly currentTree +-- dashdash@1.13.0
95 silly currentTree | `-- assert-plus@1.0.0
95 silly currentTree +-- debug@2.2.0
95 silly currentTree +-- deep-extend@0.3.3
95 silly currentTree +-- delayed-stream@1.0.0
95 silly currentTree +-- depd@1.1.0
95 silly currentTree +-- destroy@1.0.4
95 silly currentTree +-- ecc-jsbn@0.1.1
95 silly currentTree +-- ee-first@1.1.1
95 silly currentTree +-- escape-html@1.0.3
95 silly currentTree +-- escape-string-regexp@1.0.5
95 silly currentTree +-- etag@1.7.0
95 silly currentTree +-- express@4.13.4
95 silly currentTree | `-- qs@4.0.0
95 silly currentTree +-- extend@3.0.0
95 silly currentTree +-- extsprintf@1.0.2
95 silly currentTree +-- finalhandler@0.4.1
95 silly currentTree +-- forever-agent@0.6.1
95 silly currentTree +-- form-data@1.0.0-rc4
95 silly currentTree +-- forwarded@0.1.0
95 silly currentTree +-- fresh@0.3.0
95 silly currentTree +-- generate-function@2.0.0
95 silly currentTree +-- generate-object-property@1.2.0
95 silly currentTree +-- graceful-readlink@1.0.1
95 silly currentTree +-- har-validator@2.0.6
95 silly currentTree +-- has-ansi@2.0.0
95 silly currentTree +-- hawk@3.1.3
95 silly currentTree +-- hoek@2.16.3
95 silly currentTree +-- http-errors@1.3.1
95 silly currentTree +-- http-signature@1.1.1
95 silly currentTree +-- inherits@2.0.1
95 silly currentTree +-- ipaddr.js@1.0.5
95 silly currentTree +-- is-my-json-valid@2.13.1
95 silly currentTree +-- is-property@1.0.2
95 silly currentTree +-- is-typedarray@1.0.0
95 silly currentTree +-- isarray@1.0.0
95 silly currentTree +-- isstream@0.1.2
95 silly currentTree +-- jodid25519@1.0.2
95 silly currentTree +-- jsbn@0.1.0
95 silly currentTree +-- json-schema@0.2.2
95 silly currentTree +-- json-stringify-safe@5.0.1
95 silly currentTree +-- jsonpointer@2.0.0
95 silly currentTree +-- jsprim@1.2.2
95 silly currentTree +-- lru-cache@4.0.0
95 silly currentTree +-- media-typer@0.3.0
95 silly currentTree +-- merge-descriptors@1.0.1
95 silly currentTree +-- methods@1.1.2
95 silly currentTree +-- mime-db@1.22.0
95 silly currentTree +-- mime-types@2.1.10
95 silly currentTree +-- mime@1.3.4
95 silly currentTree +-- ms@0.7.1
95 silly currentTree +-- negotiator@0.5.3
95 silly currentTree +-- node-uuid@1.4.7
95 silly currentTree +-- oauth-sign@0.8.1
95 silly currentTree +-- oauth@0.9.14
95 silly currentTree +-- on-finished@2.3.0
95 silly currentTree +-- parseurl@1.3.1
95 silly currentTree +-- path-to-regexp@0.1.7
95 silly currentTree +-- pinkie-promise@2.0.0
95 silly currentTree +-- pinkie@2.0.4
95 silly currentTree +-- process-nextick-args@1.0.6
95 silly currentTree +-- proxy-addr@1.0.10
95 silly currentTree +-- pseudomap@1.0.2
95 silly currentTree +-- qs@6.0.2
95 silly currentTree +-- range-parser@1.0.3
95 silly currentTree +-- readable-stream@2.0.6
95 silly currentTree +-- request@2.69.0
95 silly currentTree +-- send@0.13.1
95 silly currentTree +-- serve-static@1.10.2
95 silly currentTree +-- sntp@1.0.9
95 silly currentTree +-- sshpk@1.7.4
95 silly currentTree +-- statuses@1.2.1
95 silly currentTree +-- string_decoder@0.10.31
95 silly currentTree +-- stringstream@0.0.5
95 silly currentTree +-- strip-ansi@3.0.1
95 silly currentTree +-- supports-color@2.0.0
95 silly currentTree +-- tough-cookie@2.2.2
95 silly currentTree +-- tunnel-agent@0.4.2
95 silly currentTree +-- tweetnacl@0.14.1
95 silly currentTree +-- twitter@1.2.5
95 silly currentTree +-- type-is@1.6.12
95 silly currentTree +-- unpipe@1.0.0
95 silly currentTree +-- util-deprecate@1.0.2
95 silly currentTree +-- utils-merge@1.0.0
95 silly currentTree +-- vary@1.0.1
95 silly currentTree +-- verror@1.3.6
95 silly currentTree +-- xtend@4.0.1
95 silly currentTree `-- yallist@2.0.0
96 silly idealTree Twitter
96 silly idealTree +-- accepts@1.2.13
96 silly idealTree +-- ansi-regex@2.0.0
96 silly idealTree +-- ansi-styles@2.2.0
96 silly idealTree +-- array-flatten@1.1.1
96 silly idealTree +-- asn1@0.2.3
96 silly idealTree +-- assert-plus@0.2.0
96 silly idealTree +-- async@1.5.2
96 silly idealTree +-- aws-sign2@0.6.0
96 silly idealTree +-- aws4@1.3.2
96 silly idealTree +-- bl@1.0.3
96 silly idealTree +-- boom@2.10.1
96 silly idealTree +-- caseless@0.11.0
96 silly idealTree +-- chalk@1.1.1
96 silly idealTree +-- color-convert@1.0.0
96 silly idealTree +-- combined-stream@1.0.5
96 silly idealTree +-- commander@2.9.0
96 silly idealTree +-- content-disposition@0.5.1
96 silly idealTree +-- content-type@1.0.1
96 silly idealTree +-- cookie-signature@1.0.6
96 silly idealTree +-- cookie@0.1.5
96 silly idealTree +-- cookies@0.1.6
96 silly idealTree +-- core-util-is@1.0.2
96 silly idealTree +-- cryptiles@2.0.5
96 silly idealTree +-- dashdash@1.13.0
96 silly idealTree | `-- assert-plus@1.0.0
96 silly idealTree +-- debug@2.2.0
96 silly idealTree +-- deep-extend@0.3.3
96 silly idealTree +-- delayed-stream@1.0.0
96 silly idealTree +-- depd@1.1.0
96 silly idealTree +-- destroy@1.0.4
96 silly idealTree +-- ecc-jsbn@0.1.1
96 silly idealTree +-- ee-first@1.1.1
96 silly idealTree +-- escape-html@1.0.3
96 silly idealTree +-- escape-string-regexp@1.0.5
96 silly idealTree +-- etag@1.7.0
96 silly idealTree +-- express@4.13.4
96 silly idealTree | `-- qs@4.0.0
96 silly idealTree +-- extend@3.0.0
96 silly idealTree +-- extsprintf@1.0.2
96 silly idealTree +-- finalhandler@0.4.1
96 silly idealTree +-- forever-agent@0.6.1
96 silly idealTree +-- form-data@1.0.0-rc4
96 silly idealTree +-- forwarded@0.1.0
96 silly idealTree +-- fresh@0.3.0
96 silly idealTree +-- generate-function@2.0.0
96 silly idealTree +-- generate-object-property@1.2.0
96 silly idealTree +-- graceful-readlink@1.0.1
96 silly idealTree +-- har-validator@2.0.6
96 silly idealTree +-- has-ansi@2.0.0
96 silly idealTree +-- hawk@3.1.3
96 silly idealTree +-- hoek@2.16.3
96 silly idealTree +-- http-errors@1.3.1
96 silly idealTree +-- http-signature@1.1.1
96 silly idealTree +-- inherits@2.0.1
96 silly idealTree +-- ipaddr.js@1.0.5
96 silly idealTree +-- is-my-json-valid@2.13.1
96 silly idealTree +-- is-property@1.0.2
96 silly idealTree +-- is-typedarray@1.0.0
96 silly idealTree +-- isarray@1.0.0
96 silly idealTree +-- isstream@0.1.2
96 silly idealTree +-- jodid25519@1.0.2
96 silly idealTree +-- jsbn@0.1.0
96 silly idealTree +-- json-schema@0.2.2
96 silly idealTree +-- json-stringify-safe@5.0.1
96 silly idealTree +-- jsonpointer@2.0.0
96 silly idealTree +-- jsprim@1.2.2
96 silly idealTree +-- keygrip@0.2.4
96 silly idealTree +-- lru-cache@4.0.0
96 silly idealTree +-- media-typer@0.3.0
96 silly idealTree +-- merge-descriptors@1.0.1
96 silly idealTree +-- methods@1.1.2
96 silly idealTree +-- mime-db@1.22.0
96 silly idealTree +-- mime-types@2.1.10
96 silly idealTree +-- mime@1.3.4
96 silly idealTree +-- ms@0.7.1
96 silly idealTree +-- negotiator@0.5.3
96 silly idealTree +-- node-uuid@1.4.7
96 silly idealTree +-- ntwitter@0.5.0
96 silly idealTree +-- oauth-sign@0.8.1
96 silly idealTree +-- oauth@0.9.14
96 silly idealTree +-- on-finished@2.3.0
96 silly idealTree +-- parseurl@1.3.1
96 silly idealTree +-- path-to-regexp@0.1.7
96 silly idealTree +-- pinkie-promise@2.0.0
96 silly idealTree +-- pinkie@2.0.4
96 silly idealTree +-- process-nextick-args@1.0.6
96 silly idealTree +-- proxy-addr@1.0.10
96 silly idealTree +-- pseudomap@1.0.2
96 silly idealTree +-- qs@6.0.2
96 silly idealTree +-- range-parser@1.0.3
96 silly idealTree +-- readable-stream@2.0.6
96 silly idealTree +-- request@2.69.0
96 silly idealTree +-- send@0.13.1
96 silly idealTree +-- serve-static@1.10.2
96 silly idealTree +-- sntp@1.0.9
96 silly idealTree +-- sshpk@1.7.4
96 silly idealTree +-- statuses@1.2.1
96 silly idealTree +-- string_decoder@0.10.31
96 silly idealTree +-- stringstream@0.0.5
96 silly idealTree +-- strip-ansi@3.0.1
96 silly idealTree +-- supports-color@2.0.0
96 silly idealTree +-- tough-cookie@2.2.2
96 silly idealTree +-- tunnel-agent@0.4.2
96 silly idealTree +-- tweetnacl@0.14.1
96 silly idealTree +-- twitter@1.2.5
96 silly idealTree +-- type-is@1.6.12
96 silly idealTree +-- unpipe@1.0.0
96 silly idealTree +-- util-deprecate@1.0.2
96 silly idealTree +-- utils-merge@1.0.0
96 silly idealTree +-- vary@1.0.1
96 silly idealTree +-- verror@1.3.6
96 silly idealTree +-- xtend@4.0.1
96 silly idealTree `-- yallist@2.0.0
97 silly generateActionsToTake Starting
98 silly install generateActionsToTake
99 silly generateActionsToTake Finishing
100 silly diffTrees action count 2
101 silly diffTrees add keygrip@0.2.4
102 silly diffTrees add ntwitter@0.5.0
103 silly decomposeActions action count 16
104 silly decomposeActions fetch keygrip@0.2.4
105 silly decomposeActions extract keygrip@0.2.4
106 silly decomposeActions preinstall keygrip@0.2.4
107 silly decomposeActions build keygrip@0.2.4
108 silly decomposeActions install keygrip@0.2.4
109 silly decomposeActions postinstall keygrip@0.2.4
110 silly decomposeActions test keygrip@0.2.4
111 silly decomposeActions finalize keygrip@0.2.4
112 silly decomposeActions fetch ntwitter@0.5.0
113 silly decomposeActions extract ntwitter@0.5.0
114 silly decomposeActions preinstall ntwitter@0.5.0
115 silly decomposeActions build ntwitter@0.5.0
116 silly decomposeActions install ntwitter@0.5.0
117 silly decomposeActions postinstall ntwitter@0.5.0
118 silly decomposeActions test ntwitter@0.5.0
119 silly decomposeActions finalize ntwitter@0.5.0
120 silly executeActions Starting
121 silly install executeActions
122 silly doSerial global-install 0
123 silly doParallel fetch 2
124 verbose lock using /Users/DavidCable/.npm/_locks/staging-663dee4112ec56e1.lock for /Users/DavidCable/WebTechProject1/Twitter/node_modules/.staging
125 silly doParallel extract 2
126 silly extract keygrip@0.2.4
127 silly extract ntwitter@0.5.0
128 verbose unbuild node_modules/.staging/keygrip-72624f06312c50ef8fd84426cc441e58
129 verbose unbuild node_modules/.staging/ntwitter-f0270dc984d3b1ddcd0cda861d1fe46f
130 silly gentlyRm /Users/DavidCable/WebTechProject1/Twitter/node_modules/.staging/keygrip-72624f06312c50ef8fd84426cc441e58 is being purged from base /Users/DavidCable/WebTechProject1/Twitter
131 silly gentlyRm /Users/DavidCable/WebTechProject1/Twitter/node_modules/.staging/ntwitter-f0270dc984d3b1ddcd0cda861d1fe46f is being purged from base /Users/DavidCable/WebTechProject1/Twitter
132 verbose gentlyRm don't care about contents; nuking /Users/DavidCable/WebTechProject1/Twitter/node_modules/.staging/keygrip-72624f06312c50ef8fd84426cc441e58
133 verbose gentlyRm don't care about contents; nuking /Users/DavidCable/WebTechProject1/Twitter/node_modules/.staging/ntwitter-f0270dc984d3b1ddcd0cda861d1fe46f
134 verbose tar unpack /Users/DavidCable/.npm/keygrip/0.2.4/package.tgz
135 verbose tar unpacking to /Users/DavidCable/WebTechProject1/Twitter/node_modules/.staging/keygrip-72624f06312c50ef8fd84426cc441e58
136 silly gentlyRm /Users/DavidCable/WebTechProject1/Twitter/node_modules/.staging/keygrip-72624f06312c50ef8fd84426cc441e58 is being purged
137 verbose tar unpack /Users/DavidCable/.npm/ntwitter/0.5.0/package.tgz
138 verbose tar unpacking to /Users/DavidCable/WebTechProject1/Twitter/node_modules/.staging/ntwitter-f0270dc984d3b1ddcd0cda861d1fe46f
139 silly gentlyRm /Users/DavidCable/WebTechProject1/Twitter/node_modules/.staging/ntwitter-f0270dc984d3b1ddcd0cda861d1fe46f is being purged
140 verbose gentlyRm don't care about contents; nuking /Users/DavidCable/WebTechProject1/Twitter/node_modules/.staging/keygrip-72624f06312c50ef8fd84426cc441e58
141 verbose gentlyRm don't care about contents; nuking /Users/DavidCable/WebTechProject1/Twitter/node_modules/.staging/ntwitter-f0270dc984d3b1ddcd0cda861d1fe46f
142 silly gunzTarPerm modes [ '755', '644' ]
143 silly gunzTarPerm modes [ '755', '644' ]
144 silly gunzTarPerm extractEntry package.json
145 silly gunzTarPerm extractEntry package.json
146 silly gunzTarPerm modified mode [ 'package.json', 438, 420 ]
147 silly gunzTarPerm extractEntry .npmignore
148 silly gunzTarPerm extractEntry README.md
149 silly gunzTarPerm extractEntry .npmignore
150 silly gunzTarPerm modified mode [ '.npmignore', 438, 420 ]
151 silly gunzTarPerm extractEntry README.md
152 silly gunzTarPerm modified mode [ 'README.md', 438, 420 ]
153 silly gunzTarPerm extractEntry index.js
154 silly gunzTarPerm extractEntry install.js
155 silly gunzTarPerm extractEntry LICENSE
156 silly gunzTarPerm modified mode [ 'LICENSE', 438, 420 ]
157 silly gunzTarPerm extractEntry index.js
158 silly gunzTarPerm modified mode [ 'index.js', 438, 420 ]
159 silly gunzTarPerm extractEntry test.js
160 silly gunzTarPerm extractEntry .travis.yml
161 silly gunzTarPerm extractEntry lib/keys.js
162 silly gunzTarPerm modified mode [ 'lib/keys.js', 438, 420 ]
163 silly gunzTarPerm extractEntry lib/parser.js
164 silly gunzTarPerm modified mode [ 'lib/parser.js', 438, 420 ]
165 silly gunzTarPerm extractEntry LICENSE.txt
166 silly gunzTarPerm extractEntry lib/twitter.js
167 silly gunzTarPerm modified mode [ 'lib/twitter.js', 438, 420 ]
168 silly gunzTarPerm extractEntry lib/utils.js
169 silly gunzTarPerm modified mode [ 'lib/utils.js', 438, 420 ]
170 silly gunzTarPerm extractEntry test/memory.js
171 silly gunzTarPerm modified mode [ 'test/memory.js', 438, 420 ]
172 silly gunzTarPerm extractEntry test/trend.js
173 silly gunzTarPerm modified mode [ 'test/trend.js', 438, 420 ]
174 silly gunzTarPerm extractEntry test/memory.txt
175 silly gunzTarPerm modified mode [ 'test/memory.txt', 438, 420 ]
176 silly doParallel preinstall 2
177 silly preinstall keygrip@0.2.4 /Users/DavidCable/WebTechProject1/Twitter/node_modules/.staging/keygrip-72624f06312c50ef8fd84426cc441e58
178 info lifecycle keygrip@0.2.4~preinstall: keygrip@0.2.4
179 silly preinstall ntwitter@0.5.0 /Users/DavidCable/WebTechProject1/Twitter/node_modules/.staging/ntwitter-f0270dc984d3b1ddcd0cda861d1fe46f
180 info lifecycle ntwitter@0.5.0~preinstall: ntwitter@0.5.0
181 silly lifecycle keygrip@0.2.4~preinstall: no script for preinstall, continuing
182 silly lifecycle ntwitter@0.5.0~preinstall: no script for preinstall, continuing
183 silly doReverseSerial remove 0
184 silly doSerial move 0
185 silly doSerial finalize 2
186 silly finalize /Users/DavidCable/WebTechProject1/Twitter/node_modules/keygrip
187 silly finalize /Users/DavidCable/WebTechProject1/Twitter/node_modules/ntwitter
188 silly doSerial build 2
189 silly build keygrip@0.2.4
190 info linkStuff keygrip@0.2.4
191 silly linkStuff keygrip@0.2.4 has /Users/DavidCable/WebTechProject1/Twitter/node_modules as its parent node_modules
192 verbose linkBins keygrip@0.2.4
193 verbose linkMans keygrip@0.2.4
194 silly build ntwitter@0.5.0
195 info linkStuff ntwitter@0.5.0
196 silly linkStuff ntwitter@0.5.0 has /Users/DavidCable/WebTechProject1/Twitter/node_modules as its parent node_modules
197 verbose linkBins ntwitter@0.5.0
198 verbose linkMans ntwitter@0.5.0
199 silly doSerial global-link 0
200 silly doParallel update-linked 0
201 silly doSerial install 2
202 silly install keygrip@0.2.4 /Users/DavidCable/WebTechProject1/Twitter/node_modules/.staging/keygrip-72624f06312c50ef8fd84426cc441e58
203 info lifecycle keygrip@0.2.4~install: keygrip@0.2.4
204 verbose lifecycle keygrip@0.2.4~install: unsafe-perm in lifecycle true
205 verbose lifecycle keygrip@0.2.4~install: PATH: /usr/local/lib/node_modules/npm/bin/node-gyp-bin:/Users/DavidCable/WebTechProject1/Twitter/node_modules/keygrip/node_modules/.bin:/Users/DavidCable/WebTechProject1/Twitter/node_modules/.bin:/usr/bin:/bin:/usr/sbin:/sbin
206 verbose lifecycle keygrip@0.2.4~install: CWD: /Users/DavidCable/WebTechProject1/Twitter/node_modules/keygrip
207 silly lifecycle keygrip@0.2.4~install: Args: [ '-c',
207 silly lifecycle   '[ -x /usr/bin/nodejs ] && /usr/bin/nodejs ./install.js || node ./install.js' ]
208 info lifecycle keygrip@0.2.4~install: Failed to exec install script
209 verbose unlock done using /Users/DavidCable/.npm/_locks/staging-663dee4112ec56e1.lock for /Users/DavidCable/WebTechProject1/Twitter/node_modules/.staging
210 silly rollbackFailedOptional Starting
211 silly rollbackFailedOptional Finishing
212 silly runTopLevelLifecycles Starting
213 silly runTopLevelLifecycles Finishing
214 silly install printInstalled
215 warn ENOENT ENOENT: no such file or directory, open '/Users/DavidCable/WebTechProject1/Twitter/package.json'
216 warn EPACKAGEJSON Twitter No description
217 warn EPACKAGEJSON Twitter No repository field.
218 warn EPACKAGEJSON Twitter No README data
219 warn EPACKAGEJSON Twitter No license field.
220 verbose stack Error: keygrip@0.2.4 install: `[ -x /usr/bin/nodejs ] && /usr/bin/nodejs ./install.js || node ./install.js`
220 verbose stack spawn ENOENT
220 verbose stack     at ChildProcess.<anonymous> (/usr/local/lib/node_modules/npm/lib/utils/spawn.js:17:16)
220 verbose stack     at emitTwo (events.js:100:13)
220 verbose stack     at ChildProcess.emit (events.js:185:7)
220 verbose stack     at maybeClose (internal/child_process.js:821:16)
220 verbose stack     at Process.ChildProcess._handle.onexit (internal/child_process.js:211:5)
221 verbose pkgid keygrip@0.2.4
222 verbose cwd /Users/DavidCable/WebTechProject1/Twitter
223 error Darwin 14.5.0
224 error argv "/usr/local/bin/node" "/usr/local/bin/npm" "install" "ntwitter" "--save"
225 error node v5.5.0
226 error npm  v3.3.12
227 error file sh
228 error code ELIFECYCLE
229 error errno ENOENT
230 error syscall spawn
231 error keygrip@0.2.4 install: `[ -x /usr/bin/nodejs ] && /usr/bin/nodejs ./install.js || node ./install.js`
231 error spawn ENOENT
232 error Failed at the keygrip@0.2.4 install script '[ -x /usr/bin/nodejs ] && /usr/bin/nodejs ./install.js || node ./install.js'.
232 error Make sure you have the latest version of node.js and npm installed.
232 error If you do, this is most likely a problem with the keygrip package,
232 error not with npm itself.
232 error Tell the author that this fails on your system:
232 error     [ -x /usr/bin/nodejs ] && /usr/bin/nodejs ./install.js || node ./install.js
232 error You can get their info via:
232 error     npm owner ls keygrip
232 error There is likely additional logging output above.
233 verbose exit [ 1, true ]
